生成启动时间为 2014-05-12 7:40:02。
     1>项目“F:\WorkSpace\C++WorkSpace\cocos2d-x-3.0\projects\HelloTui\cocos2d\extensions\proj.win32\libExtensions.vcxproj”在节点 4 上(Build 个目标)。
     1>PrepareForBuild:
         正在创建目录“F:\WorkSpace\C++WorkSpace\cocos2d-x-3.0\projects\HelloTui\proj.win32\Debug.win32\”。
       InitializeBuildStatus:
         正在创建“Debug.win32\libExtensions.unsuccessfulbuild”，因为已指定“AlwaysCreate”。
       ClCompile:
         所有输出均为最新。
       Lib:
         D:\Microsoft Visual Studio 11.0\VC\bin\Lib.exe /OUT:"F:\WorkSpace\C++WorkSpace\cocos2d-x-3.0\projects\HelloTui\proj.win32\Debug.win32\libExtensions.lib" /NOLOGO Debug.win32\AssetsManager.obj
         Debug.win32\CCControl.obj
         Debug.win32\CCControlButton.obj
         Debug.win32\CCControlColourPicker.obj
         Debug.win32\CCControlHuePicker.obj
         Debug.win32\CCControlPotentiometer.obj
         Debug.win32\CCControlSaturationBrightnessPicker.obj
         Debug.win32\CCControlSlider.obj
         Debug.win32\CCControlStepper.obj
         Debug.win32\CCControlSwitch.obj
         Debug.win32\CCControlUtils.obj
         Debug.win32\CCInvocation.obj
         Debug.win32\CCScale9Sprite.obj
         Debug.win32\CCEditBox.obj
         Debug.win32\CCEditBoxImplWin.obj
         Debug.win32\CCScrollView.obj
         Debug.win32\CCTableView.obj
         Debug.win32\CCTableViewCell.obj
         Debug.win32\CCPhysicsDebugNode.obj
         Debug.win32\CCPhysicsSprite.obj
         Debug.win32\Win32InputBox.obj
         libExtensions.vcxproj -> F:\WorkSpace\C++WorkSpace\cocos2d-x-3.0\projects\HelloTui\proj.win32\Debug.win32\libExtensions.lib
       FinalizeBuildStatus:
         正在删除文件“Debug.win32\libExtensions.unsuccessfulbuild”。
         正在对“Debug.win32\libExtensions.lastbuildstate”执行 Touch 任务。
     1>已完成生成项目“F:\WorkSpace\C++WorkSpace\cocos2d-x-3.0\projects\HelloTui\cocos2d\extensions\proj.win32\libExtensions.vcxproj”(Build 个目标)的操作。

生成成功。

已用时间 00:00:28.55
